mode: set
github.com/ob-algdatii-ss19/leistungsnachweis-ateam/backend/algorithms/basicGreedy.go:38.68,42.22 3 0
github.com/ob-algdatii-ss19/leistungsnachweis-ateam/backend/algorithms/basicGreedy.go:46.2,51.38 4 0
github.com/ob-algdatii-ss19/leistungsnachweis-ateam/backend/algorithms/basicGreedy.go:62.2,62.61 1 0
github.com/ob-algdatii-ss19/leistungsnachweis-ateam/backend/algorithms/basicGreedy.go:42.22,44.3 1 0
github.com/ob-algdatii-ss19/leistungsnachweis-ateam/backend/algorithms/basicGreedy.go:51.38,60.3 4 0
github.com/ob-algdatii-ss19/leistungsnachweis-ateam/backend/algorithms/basicGreedy.go:65.108,70.42 3 0
github.com/ob-algdatii-ss19/leistungsnachweis-ateam/backend/algorithms/basicGreedy.go:79.2,81.26 2 0
github.com/ob-algdatii-ss19/leistungsnachweis-ateam/backend/algorithms/basicGreedy.go:70.42,74.36 2 0
github.com/ob-algdatii-ss19/leistungsnachweis-ateam/backend/algorithms/basicGreedy.go:74.36,76.4 1 0
github.com/ob-algdatii-ss19/leistungsnachweis-ateam/backend/algorithms/basicGreedy.go:84.71,88.42 3 0
github.com/ob-algdatii-ss19/leistungsnachweis-ateam/backend/algorithms/basicGreedy.go:96.2,96.27 1 0
github.com/ob-algdatii-ss19/leistungsnachweis-ateam/backend/algorithms/basicGreedy.go:104.2,104.24 1 0
github.com/ob-algdatii-ss19/leistungsnachweis-ateam/backend/algorithms/basicGreedy.go:88.42,89.31 1 0
github.com/ob-algdatii-ss19/leistungsnachweis-ateam/backend/algorithms/basicGreedy.go:93.3,93.24 1 0
github.com/ob-algdatii-ss19/leistungsnachweis-ateam/backend/algorithms/basicGreedy.go:89.31,91.9 2 0
github.com/ob-algdatii-ss19/leistungsnachweis-ateam/backend/algorithms/basicGreedy.go:96.27,97.34 1 0
github.com/ob-algdatii-ss19/leistungsnachweis-ateam/backend/algorithms/basicGreedy.go:97.34,99.4 1 0
github.com/ob-algdatii-ss19/leistungsnachweis-ateam/backend/algorithms/basicGreedy.go:99.9,101.4 1 0
github.com/ob-algdatii-ss19/leistungsnachweis-ateam/backend/algorithms/basicGreedy.go:107.95,111.44 2 0
github.com/ob-algdatii-ss19/leistungsnachweis-ateam/backend/algorithms/basicGreedy.go:117.2,117.15 1 0
github.com/ob-algdatii-ss19/leistungsnachweis-ateam/backend/algorithms/basicGreedy.go:111.44,112.18 1 0
github.com/ob-algdatii-ss19/leistungsnachweis-ateam/backend/algorithms/basicGreedy.go:112.18,114.4 1 0
github.com/ob-algdatii-ss19/leistungsnachweis-ateam/main.go:51.69,57.16 4 0
github.com/ob-algdatii-ss19/leistungsnachweis-ateam/main.go:61.2,70.16 5 0
github.com/ob-algdatii-ss19/leistungsnachweis-ateam/main.go:73.2,73.66 1 0
github.com/ob-algdatii-ss19/leistungsnachweis-ateam/main.go:57.16,58.13 1 0
github.com/ob-algdatii-ss19/leistungsnachweis-ateam/main.go:70.16,71.13 1 0
github.com/ob-algdatii-ss19/leistungsnachweis-ateam/main.go:80.58,85.23 2 0
github.com/ob-algdatii-ss19/leistungsnachweis-ateam/main.go:91.2,96.16 3 0
github.com/ob-algdatii-ss19/leistungsnachweis-ateam/main.go:102.2,104.16 3 0
github.com/ob-algdatii-ss19/leistungsnachweis-ateam/main.go:108.2,116.23 6 0
github.com/ob-algdatii-ss19/leistungsnachweis-ateam/main.go:120.2,120.44 1 0
github.com/ob-algdatii-ss19/leistungsnachweis-ateam/main.go:85.23,87.3 1 0
github.com/ob-algdatii-ss19/leistungsnachweis-ateam/main.go:87.8,89.3 1 0
github.com/ob-algdatii-ss19/leistungsnachweis-ateam/main.go:96.16,101.3 4 0
github.com/ob-algdatii-ss19/leistungsnachweis-ateam/main.go:104.16,106.3 1 0
github.com/ob-algdatii-ss19/leistungsnachweis-ateam/main.go:116.23,118.3 1 0
github.com/ob-algdatii-ss19/leistungsnachweis-ateam/main.go:123.13,130.16 4 0
github.com/ob-algdatii-ss19/leistungsnachweis-ateam/main.go:135.2,136.47 2 0
github.com/ob-algdatii-ss19/leistungsnachweis-ateam/main.go:130.16,132.3 1 0
github.com/ob-algdatii-ss19/leistungsnachweis-ateam/backend/algorithmnHandler.go:12.69,17.53 3 0
github.com/ob-algdatii-ss19/leistungsnachweis-ateam/backend/algorithmnHandler.go:17.53,22.3 3 0
github.com/ob-algdatii-ss19/leistungsnachweis-ateam/backend/algorithmnHandler.go:22.8,24.3 1 0
github.com/ob-algdatii-ss19/leistungsnachweis-ateam/backend/algorithmnHandler.go:30.68,50.38 9 1
github.com/ob-algdatii-ss19/leistungsnachweis-ateam/backend/algorithmnHandler.go:53.2,53.41 1 1
github.com/ob-algdatii-ss19/leistungsnachweis-ateam/backend/algorithmnHandler.go:56.2,56.37 1 1
github.com/ob-algdatii-ss19/leistungsnachweis-ateam/backend/algorithmnHandler.go:59.2,59.49 1 1
github.com/ob-algdatii-ss19/leistungsnachweis-ateam/backend/algorithmnHandler.go:62.2,62.54 1 1
github.com/ob-algdatii-ss19/leistungsnachweis-ateam/backend/algorithmnHandler.go:68.2,68.40 1 1
github.com/ob-algdatii-ss19/leistungsnachweis-ateam/backend/algorithmnHandler.go:71.2,71.43 1 1
github.com/ob-algdatii-ss19/leistungsnachweis-ateam/backend/algorithmnHandler.go:74.2,74.39 1 1
github.com/ob-algdatii-ss19/leistungsnachweis-ateam/backend/algorithmnHandler.go:77.2,77.51 1 1
github.com/ob-algdatii-ss19/leistungsnachweis-ateam/backend/algorithmnHandler.go:80.2,80.56 1 1
github.com/ob-algdatii-ss19/leistungsnachweis-ateam/backend/algorithmnHandler.go:86.2,86.38 1 1
github.com/ob-algdatii-ss19/leistungsnachweis-ateam/backend/algorithmnHandler.go:89.2,89.42 1 1
github.com/ob-algdatii-ss19/leistungsnachweis-ateam/backend/algorithmnHandler.go:92.2,92.38 1 1
github.com/ob-algdatii-ss19/leistungsnachweis-ateam/backend/algorithmnHandler.go:95.2,95.50 1 1
github.com/ob-algdatii-ss19/leistungsnachweis-ateam/backend/algorithmnHandler.go:98.2,98.55 1 1
github.com/ob-algdatii-ss19/leistungsnachweis-ateam/backend/algorithmnHandler.go:104.2,104.37 1 1
github.com/ob-algdatii-ss19/leistungsnachweis-ateam/backend/algorithmnHandler.go:107.2,107.40 1 1
github.com/ob-algdatii-ss19/leistungsnachweis-ateam/backend/algorithmnHandler.go:110.2,110.36 1 1
github.com/ob-algdatii-ss19/leistungsnachweis-ateam/backend/algorithmnHandler.go:113.2,113.48 1 1
github.com/ob-algdatii-ss19/leistungsnachweis-ateam/backend/algorithmnHandler.go:116.2,116.53 1 1
github.com/ob-algdatii-ss19/leistungsnachweis-ateam/backend/algorithmnHandler.go:122.2,122.14 1 1
github.com/ob-algdatii-ss19/leistungsnachweis-ateam/backend/algorithmnHandler.go:50.38,52.3 1 1
github.com/ob-algdatii-ss19/leistungsnachweis-ateam/backend/algorithmnHandler.go:53.41,55.3 1 1
github.com/ob-algdatii-ss19/leistungsnachweis-ateam/backend/algorithmnHandler.go:56.37,58.3 1 1
github.com/ob-algdatii-ss19/leistungsnachweis-ateam/backend/algorithmnHandler.go:59.49,61.3 1 1
github.com/ob-algdatii-ss19/leistungsnachweis-ateam/backend/algorithmnHandler.go:62.54,65.3 2 1
github.com/ob-algdatii-ss19/leistungsnachweis-ateam/backend/algorithmnHandler.go:68.40,70.3 1 1
github.com/ob-algdatii-ss19/leistungsnachweis-ateam/backend/algorithmnHandler.go:71.43,73.3 1 1
github.com/ob-algdatii-ss19/leistungsnachweis-ateam/backend/algorithmnHandler.go:74.39,76.3 1 1
github.com/ob-algdatii-ss19/leistungsnachweis-ateam/backend/algorithmnHandler.go:77.51,79.3 1 1
github.com/ob-algdatii-ss19/leistungsnachweis-ateam/backend/algorithmnHandler.go:80.56,83.3 2 1
github.com/ob-algdatii-ss19/leistungsnachweis-ateam/backend/algorithmnHandler.go:86.38,88.3 1 1
github.com/ob-algdatii-ss19/leistungsnachweis-ateam/backend/algorithmnHandler.go:89.42,91.3 1 1
github.com/ob-algdatii-ss19/leistungsnachweis-ateam/backend/algorithmnHandler.go:92.38,94.3 1 1
github.com/ob-algdatii-ss19/leistungsnachweis-ateam/backend/algorithmnHandler.go:95.50,97.3 1 1
github.com/ob-algdatii-ss19/leistungsnachweis-ateam/backend/algorithmnHandler.go:98.55,101.3 2 1
github.com/ob-algdatii-ss19/leistungsnachweis-ateam/backend/algorithmnHandler.go:104.37,106.3 1 1
github.com/ob-algdatii-ss19/leistungsnachweis-ateam/backend/algorithmnHandler.go:107.40,109.3 1 1
github.com/ob-algdatii-ss19/leistungsnachweis-ateam/backend/algorithmnHandler.go:110.36,112.3 1 1
github.com/ob-algdatii-ss19/leistungsnachweis-ateam/backend/algorithmnHandler.go:113.48,115.3 1 1
github.com/ob-algdatii-ss19/leistungsnachweis-ateam/backend/algorithmnHandler.go:116.53,119.3 2 1
github.com/ob-algdatii-ss19/leistungsnachweis-ateam/backend/adjGraph/adjMat.go:5.39,7.19 2 1
github.com/ob-algdatii-ss19/leistungsnachweis-ateam/backend/adjGraph/adjMat.go:12.2,12.10 1 1
github.com/ob-algdatii-ss19/leistungsnachweis-ateam/backend/adjGraph/adjMat.go:7.19,8.13 1 1
github.com/ob-algdatii-ss19/leistungsnachweis-ateam/backend/adjGraph/adjMat.go:8.13,10.4 1 1
github.com/ob-algdatii-ss19/leistungsnachweis-ateam/backend/adjGraph/adjMat.go:15.45,17.2 1 1
github.com/ob-algdatii-ss19/leistungsnachweis-ateam/backend/adjGraph/adjMat.go:19.48,21.2 1 0
github.com/ob-algdatii-ss19/leistungsnachweis-ateam/backend/adjGraph/adjMat.go:23.37,25.2 1 0
github.com/ob-algdatii-ss19/leistungsnachweis-ateam/backend/adjGraph/adjMat.go:27.32,29.24 2 0
github.com/ob-algdatii-ss19/leistungsnachweis-ateam/backend/adjGraph/adjMat.go:42.2,42.11 1 0
github.com/ob-algdatii-ss19/leistungsnachweis-ateam/backend/adjGraph/adjMat.go:29.24,30.13 1 0
github.com/ob-algdatii-ss19/leistungsnachweis-ateam/backend/adjGraph/adjMat.go:33.3,33.28 1 0
github.com/ob-algdatii-ss19/leistungsnachweis-ateam/backend/adjGraph/adjMat.go:30.13,31.12 1 0
github.com/ob-algdatii-ss19/leistungsnachweis-ateam/backend/adjGraph/adjMat.go:33.28,34.14 1 0
github.com/ob-algdatii-ss19/leistungsnachweis-ateam/backend/adjGraph/adjMat.go:37.4,37.12 1 0
github.com/ob-algdatii-ss19/leistungsnachweis-ateam/backend/adjGraph/adjMat.go:34.14,35.13 1 0
github.com/ob-algdatii-ss19/leistungsnachweis-ateam/backend/adjGraph/adjMat.go:37.12,39.5 1 0
github.com/ob-algdatii-ss19/leistungsnachweis-ateam/backend/adjGraph/adjMat.go:47.36,50.28 2 0
github.com/ob-algdatii-ss19/leistungsnachweis-ateam/backend/adjGraph/adjMat.go:56.2,56.17 1 0
github.com/ob-algdatii-ss19/leistungsnachweis-ateam/backend/adjGraph/adjMat.go:50.28,51.11 1 0
github.com/ob-algdatii-ss19/leistungsnachweis-ateam/backend/adjGraph/adjMat.go:51.11,53.4 1 0
github.com/ob-algdatii-ss19/leistungsnachweis-ateam/backend/adjGraph/conflictgraph.go:17.79,20.26 3 0
github.com/ob-algdatii-ss19/leistungsnachweis-ateam/backend/adjGraph/conflictgraph.go:86.2,87.12 2 0
github.com/ob-algdatii-ss19/leistungsnachweis-ateam/backend/adjGraph/conflictgraph.go:20.26,21.31 1 0
github.com/ob-algdatii-ss19/leistungsnachweis-ateam/backend/adjGraph/conflictgraph.go:21.31,22.46 1 0
github.com/ob-algdatii-ss19/leistungsnachweis-ateam/backend/adjGraph/conflictgraph.go:22.46,23.17 1 0
github.com/ob-algdatii-ss19/leistungsnachweis-ateam/backend/adjGraph/conflictgraph.go:23.17,24.30 1 0
github.com/ob-algdatii-ss19/leistungsnachweis-ateam/backend/adjGraph/conflictgraph.go:24.30,25.30 1 0
github.com/ob-algdatii-ss19/leistungsnachweis-ateam/backend/adjGraph/conflictgraph.go:25.30,26.46 1 0
github.com/ob-algdatii-ss19/leistungsnachweis-ateam/backend/adjGraph/conflictgraph.go:26.46,28.9 1 0
github.com/ob-algdatii-ss19/leistungsnachweis-ateam/backend/adjGraph/conflictgraph.go:29.13,30.44 1 0
github.com/ob-algdatii-ss19/leistungsnachweis-ateam/backend/adjGraph/conflictgraph.go:33.8,33.46 1 0
github.com/ob-algdatii-ss19/leistungsnachweis-ateam/backend/adjGraph/conflictgraph.go:30.44,32.9 1 0
github.com/ob-algdatii-ss19/leistungsnachweis-ateam/backend/adjGraph/conflictgraph.go:33.46,35.9 1 0
github.com/ob-algdatii-ss19/leistungsnachweis-ateam/backend/adjGraph/conflictgraph.go:38.11,38.24 1 0
github.com/ob-algdatii-ss19/leistungsnachweis-ateam/backend/adjGraph/conflictgraph.go:38.24,39.30 1 0
github.com/ob-algdatii-ss19/leistungsnachweis-ateam/backend/adjGraph/conflictgraph.go:39.30,40.30 1 0
github.com/ob-algdatii-ss19/leistungsnachweis-ateam/backend/adjGraph/conflictgraph.go:40.30,41.46 1 0
github.com/ob-algdatii-ss19/leistungsnachweis-ateam/backend/adjGraph/conflictgraph.go:41.46,43.9 1 0
github.com/ob-algdatii-ss19/leistungsnachweis-ateam/backend/adjGraph/conflictgraph.go:44.13,45.44 1 0
github.com/ob-algdatii-ss19/leistungsnachweis-ateam/backend/adjGraph/conflictgraph.go:48.8,48.46 1 0
github.com/ob-algdatii-ss19/leistungsnachweis-ateam/backend/adjGraph/conflictgraph.go:45.44,47.9 1 0
github.com/ob-algdatii-ss19/leistungsnachweis-ateam/backend/adjGraph/conflictgraph.go:48.46,50.9 1 0
github.com/ob-algdatii-ss19/leistungsnachweis-ateam/backend/adjGraph/conflictgraph.go:54.11,54.24 1 0
github.com/ob-algdatii-ss19/leistungsnachweis-ateam/backend/adjGraph/conflictgraph.go:54.24,55.30 1 0
github.com/ob-algdatii-ss19/leistungsnachweis-ateam/backend/adjGraph/conflictgraph.go:55.30,56.28 1 0
github.com/ob-algdatii-ss19/leistungsnachweis-ateam/backend/adjGraph/conflictgraph.go:56.28,57.44 1 0
github.com/ob-algdatii-ss19/leistungsnachweis-ateam/backend/adjGraph/conflictgraph.go:57.44,59.9 1 0
github.com/ob-algdatii-ss19/leistungsnachweis-ateam/backend/adjGraph/conflictgraph.go:62.11,62.24 1 0
github.com/ob-algdatii-ss19/leistungsnachweis-ateam/backend/adjGraph/conflictgraph.go:62.24,63.30 1 0
github.com/ob-algdatii-ss19/leistungsnachweis-ateam/backend/adjGraph/conflictgraph.go:63.30,64.28 1 0
github.com/ob-algdatii-ss19/leistungsnachweis-ateam/backend/adjGraph/conflictgraph.go:64.28,65.44 1 0
github.com/ob-algdatii-ss19/leistungsnachweis-ateam/backend/adjGraph/conflictgraph.go:65.44,67.9 1 0
github.com/ob-algdatii-ss19/leistungsnachweis-ateam/backend/adjGraph/conflictgraph.go:70.11,71.90 1 0
github.com/ob-algdatii-ss19/leistungsnachweis-ateam/backend/adjGraph/conflictgraph.go:71.90,73.56 1 0
github.com/ob-algdatii-ss19/leistungsnachweis-ateam/backend/adjGraph/conflictgraph.go:73.56,74.46 1 0
github.com/ob-algdatii-ss19/leistungsnachweis-ateam/backend/adjGraph/conflictgraph.go:74.46,75.43 1 0
github.com/ob-algdatii-ss19/leistungsnachweis-ateam/backend/adjGraph/conflictgraph.go:75.43,78.10 1 0
github.com/ob-algdatii-ss19/leistungsnachweis-ateam/backend/adjGraph/conflictgraph.go:90.80,93.26 3 0
github.com/ob-algdatii-ss19/leistungsnachweis-ateam/backend/adjGraph/conflictgraph.go:158.2,159.12 2 0
github.com/ob-algdatii-ss19/leistungsnachweis-ateam/backend/adjGraph/conflictgraph.go:93.26,94.31 1 0
github.com/ob-algdatii-ss19/leistungsnachweis-ateam/backend/adjGraph/conflictgraph.go:94.31,95.46 1 0
github.com/ob-algdatii-ss19/leistungsnachweis-ateam/backend/adjGraph/conflictgraph.go:95.46,96.17 1 0
github.com/ob-algdatii-ss19/leistungsnachweis-ateam/backend/adjGraph/conflictgraph.go:96.17,97.30 1 0
github.com/ob-algdatii-ss19/leistungsnachweis-ateam/backend/adjGraph/conflictgraph.go:97.30,98.30 1 0
github.com/ob-algdatii-ss19/leistungsnachweis-ateam/backend/adjGraph/conflictgraph.go:98.30,99.46 1 0
github.com/ob-algdatii-ss19/leistungsnachweis-ateam/backend/adjGraph/conflictgraph.go:99.46,101.9 1 0
github.com/ob-algdatii-ss19/leistungsnachweis-ateam/backend/adjGraph/conflictgraph.go:102.13,103.44 1 0
github.com/ob-algdatii-ss19/leistungsnachweis-ateam/backend/adjGraph/conflictgraph.go:106.8,106.46 1 0
github.com/ob-algdatii-ss19/leistungsnachweis-ateam/backend/adjGraph/conflictgraph.go:103.44,105.9 1 0
github.com/ob-algdatii-ss19/leistungsnachweis-ateam/backend/adjGraph/conflictgraph.go:106.46,108.9 1 0
github.com/ob-algdatii-ss19/leistungsnachweis-ateam/backend/adjGraph/conflictgraph.go:111.11,111.24 1 0
github.com/ob-algdatii-ss19/leistungsnachweis-ateam/backend/adjGraph/conflictgraph.go:111.24,112.30 1 0
github.com/ob-algdatii-ss19/leistungsnachweis-ateam/backend/adjGraph/conflictgraph.go:112.30,113.30 1 0
github.com/ob-algdatii-ss19/leistungsnachweis-ateam/backend/adjGraph/conflictgraph.go:113.30,114.46 1 0
github.com/ob-algdatii-ss19/leistungsnachweis-ateam/backend/adjGraph/conflictgraph.go:114.46,116.9 1 0
github.com/ob-algdatii-ss19/leistungsnachweis-ateam/backend/adjGraph/conflictgraph.go:117.13,118.44 1 0
github.com/ob-algdatii-ss19/leistungsnachweis-ateam/backend/adjGraph/conflictgraph.go:121.8,121.46 1 0
github.com/ob-algdatii-ss19/leistungsnachweis-ateam/backend/adjGraph/conflictgraph.go:118.44,120.9 1 0
github.com/ob-algdatii-ss19/leistungsnachweis-ateam/backend/adjGraph/conflictgraph.go:121.46,123.9 1 0
github.com/ob-algdatii-ss19/leistungsnachweis-ateam/backend/adjGraph/conflictgraph.go:127.11,127.24 1 0
github.com/ob-algdatii-ss19/leistungsnachweis-ateam/backend/adjGraph/conflictgraph.go:127.24,128.30 1 0
github.com/ob-algdatii-ss19/leistungsnachweis-ateam/backend/adjGraph/conflictgraph.go:128.30,129.28 1 0
github.com/ob-algdatii-ss19/leistungsnachweis-ateam/backend/adjGraph/conflictgraph.go:129.28,130.44 1 0
github.com/ob-algdatii-ss19/leistungsnachweis-ateam/backend/adjGraph/conflictgraph.go:130.44,132.9 1 0
github.com/ob-algdatii-ss19/leistungsnachweis-ateam/backend/adjGraph/conflictgraph.go:135.11,135.24 1 0
github.com/ob-algdatii-ss19/leistungsnachweis-ateam/backend/adjGraph/conflictgraph.go:135.24,136.30 1 0
github.com/ob-algdatii-ss19/leistungsnachweis-ateam/backend/adjGraph/conflictgraph.go:136.30,137.28 1 0
github.com/ob-algdatii-ss19/leistungsnachweis-ateam/backend/adjGraph/conflictgraph.go:137.28,138.44 1 0
github.com/ob-algdatii-ss19/leistungsnachweis-ateam/backend/adjGraph/conflictgraph.go:138.44,140.9 1 0
github.com/ob-algdatii-ss19/leistungsnachweis-ateam/backend/adjGraph/conflictgraph.go:143.11,145.97 1 0
github.com/ob-algdatii-ss19/leistungsnachweis-ateam/backend/adjGraph/conflictgraph.go:145.97,146.56 1 0
github.com/ob-algdatii-ss19/leistungsnachweis-ateam/backend/adjGraph/conflictgraph.go:146.56,147.46 1 0
github.com/ob-algdatii-ss19/leistungsnachweis-ateam/backend/adjGraph/conflictgraph.go:147.46,148.88 1 0
github.com/ob-algdatii-ss19/leistungsnachweis-ateam/backend/adjGraph/conflictgraph.go:148.88,150.10 1 0
github.com/ob-algdatii-ss19/leistungsnachweis-ateam/backend/adjGraph/conflictgraph.go:162.45,168.41 4 0
github.com/ob-algdatii-ss19/leistungsnachweis-ateam/backend/adjGraph/conflictgraph.go:180.2,180.16 1 0
github.com/ob-algdatii-ss19/leistungsnachweis-ateam/backend/adjGraph/conflictgraph.go:168.41,169.40 1 0
github.com/ob-algdatii-ss19/leistungsnachweis-ateam/backend/adjGraph/conflictgraph.go:169.40,170.14 1 0
github.com/ob-algdatii-ss19/leistungsnachweis-ateam/backend/adjGraph/conflictgraph.go:170.14,177.5 3 0
github.com/ob-algdatii-ss19/leistungsnachweis-ateam/backend/adjGraph/uGraph.go:15.37,17.2 1 0
github.com/ob-algdatii-ss19/leistungsnachweis-ateam/backend/adjGraph/uGraph.go:19.49,22.2 2 0
github.com/ob-algdatii-ss19/leistungsnachweis-ateam/backend/adjGraph/uGraph.go:25.36,27.2 1 0
github.com/ob-algdatii-ss19/leistungsnachweis-ateam/backend/adjGraph/uGraph.go:30.40,32.2 1 0
github.com/ob-algdatii-ss19/leistungsnachweis-ateam/backend/adjGraph/uGraph.go:34.41,36.2 1 0
github.com/ob-algdatii-ss19/leistungsnachweis-ateam/backend/adjGraph/uGraph.go:15.37,17.2 1 1
github.com/ob-algdatii-ss19/leistungsnachweis-ateam/backend/adjGraph/uGraph.go:19.49,22.2 2 1
github.com/ob-algdatii-ss19/leistungsnachweis-ateam/backend/adjGraph/uGraph.go:25.36,27.2 1 0
github.com/ob-algdatii-ss19/leistungsnachweis-ateam/backend/adjGraph/uGraph.go:30.40,32.2 1 0
github.com/ob-algdatii-ss19/leistungsnachweis-ateam/backend/adjGraph/uGraph.go:34.41,36.2 1 0
github.com/ob-algdatii-ss19/leistungsnachweis-ateam/backend/algorithmnHandler.go:12.69,17.53 3 0
github.com/ob-algdatii-ss19/leistungsnachweis-ateam/backend/algorithmnHandler.go:17.53,22.3 3 0
github.com/ob-algdatii-ss19/leistungsnachweis-ateam/backend/algorithmnHandler.go:22.8,24.3 1 0
github.com/ob-algdatii-ss19/leistungsnachweis-ateam/backend/algorithmnHandler.go:30.68,50.38 9 0
github.com/ob-algdatii-ss19/leistungsnachweis-ateam/backend/algorithmnHandler.go:53.2,53.41 1 0
github.com/ob-algdatii-ss19/leistungsnachweis-ateam/backend/algorithmnHandler.go:56.2,56.37 1 0
github.com/ob-algdatii-ss19/leistungsnachweis-ateam/backend/algorithmnHandler.go:59.2,59.49 1 0
github.com/ob-algdatii-ss19/leistungsnachweis-ateam/backend/algorithmnHandler.go:62.2,62.54 1 0
github.com/ob-algdatii-ss19/leistungsnachweis-ateam/backend/algorithmnHandler.go:68.2,68.40 1 0
github.com/ob-algdatii-ss19/leistungsnachweis-ateam/backend/algorithmnHandler.go:71.2,71.43 1 0
github.com/ob-algdatii-ss19/leistungsnachweis-ateam/backend/algorithmnHandler.go:74.2,74.39 1 0
github.com/ob-algdatii-ss19/leistungsnachweis-ateam/backend/algorithmnHandler.go:77.2,77.51 1 0
github.com/ob-algdatii-ss19/leistungsnachweis-ateam/backend/algorithmnHandler.go:80.2,80.56 1 0
github.com/ob-algdatii-ss19/leistungsnachweis-ateam/backend/algorithmnHandler.go:86.2,86.38 1 0
github.com/ob-algdatii-ss19/leistungsnachweis-ateam/backend/algorithmnHandler.go:89.2,89.42 1 0
github.com/ob-algdatii-ss19/leistungsnachweis-ateam/backend/algorithmnHandler.go:92.2,92.38 1 0
github.com/ob-algdatii-ss19/leistungsnachweis-ateam/backend/algorithmnHandler.go:95.2,95.50 1 0
github.com/ob-algdatii-ss19/leistungsnachweis-ateam/backend/algorithmnHandler.go:98.2,98.55 1 0
github.com/ob-algdatii-ss19/leistungsnachweis-ateam/backend/algorithmnHandler.go:104.2,104.37 1 0
github.com/ob-algdatii-ss19/leistungsnachweis-ateam/backend/algorithmnHandler.go:107.2,107.40 1 0
github.com/ob-algdatii-ss19/leistungsnachweis-ateam/backend/algorithmnHandler.go:110.2,110.36 1 0
github.com/ob-algdatii-ss19/leistungsnachweis-ateam/backend/algorithmnHandler.go:113.2,113.48 1 0
github.com/ob-algdatii-ss19/leistungsnachweis-ateam/backend/algorithmnHandler.go:116.2,116.53 1 0
github.com/ob-algdatii-ss19/leistungsnachweis-ateam/backend/algorithmnHandler.go:122.2,122.14 1 0
github.com/ob-algdatii-ss19/leistungsnachweis-ateam/backend/algorithmnHandler.go:50.38,52.3 1 0
github.com/ob-algdatii-ss19/leistungsnachweis-ateam/backend/algorithmnHandler.go:53.41,55.3 1 0
github.com/ob-algdatii-ss19/leistungsnachweis-ateam/backend/algorithmnHandler.go:56.37,58.3 1 0
github.com/ob-algdatii-ss19/leistungsnachweis-ateam/backend/algorithmnHandler.go:59.49,61.3 1 0
github.com/ob-algdatii-ss19/leistungsnachweis-ateam/backend/algorithmnHandler.go:62.54,65.3 2 0
github.com/ob-algdatii-ss19/leistungsnachweis-ateam/backend/algorithmnHandler.go:68.40,70.3 1 0
github.com/ob-algdatii-ss19/leistungsnachweis-ateam/backend/algorithmnHandler.go:71.43,73.3 1 0
github.com/ob-algdatii-ss19/leistungsnachweis-ateam/backend/algorithmnHandler.go:74.39,76.3 1 0
github.com/ob-algdatii-ss19/leistungsnachweis-ateam/backend/algorithmnHandler.go:77.51,79.3 1 0
github.com/ob-algdatii-ss19/leistungsnachweis-ateam/backend/algorithmnHandler.go:80.56,83.3 2 0
github.com/ob-algdatii-ss19/leistungsnachweis-ateam/backend/algorithmnHandler.go:86.38,88.3 1 0
github.com/ob-algdatii-ss19/leistungsnachweis-ateam/backend/algorithmnHandler.go:89.42,91.3 1 0
github.com/ob-algdatii-ss19/leistungsnachweis-ateam/backend/algorithmnHandler.go:92.38,94.3 1 0
github.com/ob-algdatii-ss19/leistungsnachweis-ateam/backend/algorithmnHandler.go:95.50,97.3 1 0
github.com/ob-algdatii-ss19/leistungsnachweis-ateam/backend/algorithmnHandler.go:98.55,101.3 2 0
github.com/ob-algdatii-ss19/leistungsnachweis-ateam/backend/algorithmnHandler.go:104.37,106.3 1 0
github.com/ob-algdatii-ss19/leistungsnachweis-ateam/backend/algorithmnHandler.go:107.40,109.3 1 0
github.com/ob-algdatii-ss19/leistungsnachweis-ateam/backend/algorithmnHandler.go:110.36,112.3 1 0
github.com/ob-algdatii-ss19/leistungsnachweis-ateam/backend/algorithmnHandler.go:113.48,115.3 1 0
github.com/ob-algdatii-ss19/leistungsnachweis-ateam/backend/algorithmnHandler.go:116.53,119.3 2 0
github.com/ob-algdatii-ss19/leistungsnachweis-ateam/main.go:51.69,57.16 4 0
github.com/ob-algdatii-ss19/leistungsnachweis-ateam/main.go:61.2,70.16 5 0
github.com/ob-algdatii-ss19/leistungsnachweis-ateam/main.go:73.2,73.66 1 0
github.com/ob-algdatii-ss19/leistungsnachweis-ateam/main.go:57.16,58.13 1 0
github.com/ob-algdatii-ss19/leistungsnachweis-ateam/main.go:70.16,71.13 1 0
github.com/ob-algdatii-ss19/leistungsnachweis-ateam/main.go:80.58,85.23 2 0
github.com/ob-algdatii-ss19/leistungsnachweis-ateam/main.go:91.2,96.16 3 0
github.com/ob-algdatii-ss19/leistungsnachweis-ateam/main.go:102.2,104.16 3 0
github.com/ob-algdatii-ss19/leistungsnachweis-ateam/main.go:108.2,116.23 6 0
github.com/ob-algdatii-ss19/leistungsnachweis-ateam/main.go:120.2,120.44 1 0
github.com/ob-algdatii-ss19/leistungsnachweis-ateam/main.go:85.23,87.3 1 0
github.com/ob-algdatii-ss19/leistungsnachweis-ateam/main.go:87.8,89.3 1 0
github.com/ob-algdatii-ss19/leistungsnachweis-ateam/main.go:96.16,101.3 4 0
github.com/ob-algdatii-ss19/leistungsnachweis-ateam/main.go:104.16,106.3 1 0
github.com/ob-algdatii-ss19/leistungsnachweis-ateam/main.go:116.23,118.3 1 0
github.com/ob-algdatii-ss19/leistungsnachweis-ateam/main.go:123.13,130.16 4 0
github.com/ob-algdatii-ss19/leistungsnachweis-ateam/main.go:135.2,136.47 2 0
github.com/ob-algdatii-ss19/leistungsnachweis-ateam/main.go:130.16,132.3 1 0
github.com/ob-algdatii-ss19/leistungsnachweis-ateam/backend/algorithms/basicGreedy.go:38.68,42.22 3 0
github.com/ob-algdatii-ss19/leistungsnachweis-ateam/backend/algorithms/basicGreedy.go:46.2,51.38 4 0
github.com/ob-algdatii-ss19/leistungsnachweis-ateam/backend/algorithms/basicGreedy.go:62.2,62.61 1 0
github.com/ob-algdatii-ss19/leistungsnachweis-ateam/backend/algorithms/basicGreedy.go:42.22,44.3 1 0
github.com/ob-algdatii-ss19/leistungsnachweis-ateam/backend/algorithms/basicGreedy.go:51.38,60.3 4 0
github.com/ob-algdatii-ss19/leistungsnachweis-ateam/backend/algorithms/basicGreedy.go:65.108,70.42 3 0
github.com/ob-algdatii-ss19/leistungsnachweis-ateam/backend/algorithms/basicGreedy.go:79.2,81.26 2 0
github.com/ob-algdatii-ss19/leistungsnachweis-ateam/backend/algorithms/basicGreedy.go:70.42,74.36 2 0
github.com/ob-algdatii-ss19/leistungsnachweis-ateam/backend/algorithms/basicGreedy.go:74.36,76.4 1 0
github.com/ob-algdatii-ss19/leistungsnachweis-ateam/backend/algorithms/basicGreedy.go:84.71,88.42 3 0
github.com/ob-algdatii-ss19/leistungsnachweis-ateam/backend/algorithms/basicGreedy.go:96.2,96.27 1 0
github.com/ob-algdatii-ss19/leistungsnachweis-ateam/backend/algorithms/basicGreedy.go:104.2,104.24 1 0
github.com/ob-algdatii-ss19/leistungsnachweis-ateam/backend/algorithms/basicGreedy.go:88.42,89.31 1 0
github.com/ob-algdatii-ss19/leistungsnachweis-ateam/backend/algorithms/basicGreedy.go:93.3,93.24 1 0
github.com/ob-algdatii-ss19/leistungsnachweis-ateam/backend/algorithms/basicGreedy.go:89.31,91.9 2 0
github.com/ob-algdatii-ss19/leistungsnachweis-ateam/backend/algorithms/basicGreedy.go:96.27,97.34 1 0
github.com/ob-algdatii-ss19/leistungsnachweis-ateam/backend/algorithms/basicGreedy.go:97.34,99.4 1 0
github.com/ob-algdatii-ss19/leistungsnachweis-ateam/backend/algorithms/basicGreedy.go:99.9,101.4 1 0
github.com/ob-algdatii-ss19/leistungsnachweis-ateam/backend/algorithms/basicGreedy.go:107.95,111.44 2 0
github.com/ob-algdatii-ss19/leistungsnachweis-ateam/backend/algorithms/basicGreedy.go:117.2,117.15 1 0
github.com/ob-algdatii-ss19/leistungsnachweis-ateam/backend/algorithms/basicGreedy.go:111.44,112.18 1 0
github.com/ob-algdatii-ss19/leistungsnachweis-ateam/backend/algorithms/basicGreedy.go:112.18,114.4 1 0
github.com/ob-algdatii-ss19/leistungsnachweis-ateam/backend/adjGraph/adjMat.go:5.39,7.19 2 1
github.com/ob-algdatii-ss19/leistungsnachweis-ateam/backend/adjGraph/adjMat.go:12.2,12.10 1 1
github.com/ob-algdatii-ss19/leistungsnachweis-ateam/backend/adjGraph/adjMat.go:7.19,8.13 1 1
github.com/ob-algdatii-ss19/leistungsnachweis-ateam/backend/adjGraph/adjMat.go:8.13,10.4 1 1
github.com/ob-algdatii-ss19/leistungsnachweis-ateam/backend/adjGraph/adjMat.go:15.45,17.2 1 1
github.com/ob-algdatii-ss19/leistungsnachweis-ateam/backend/adjGraph/adjMat.go:19.48,21.2 1 0
github.com/ob-algdatii-ss19/leistungsnachweis-ateam/backend/adjGraph/adjMat.go:23.37,25.2 1 0
github.com/ob-algdatii-ss19/leistungsnachweis-ateam/backend/adjGraph/adjMat.go:27.32,29.24 2 0
github.com/ob-algdatii-ss19/leistungsnachweis-ateam/backend/adjGraph/adjMat.go:42.2,42.11 1 0
github.com/ob-algdatii-ss19/leistungsnachweis-ateam/backend/adjGraph/adjMat.go:29.24,30.13 1 0
github.com/ob-algdatii-ss19/leistungsnachweis-ateam/backend/adjGraph/adjMat.go:33.3,33.28 1 0
github.com/ob-algdatii-ss19/leistungsnachweis-ateam/backend/adjGraph/adjMat.go:30.13,31.12 1 0
github.com/ob-algdatii-ss19/leistungsnachweis-ateam/backend/adjGraph/adjMat.go:33.28,34.14 1 0
github.com/ob-algdatii-ss19/leistungsnachweis-ateam/backend/adjGraph/adjMat.go:37.4,37.12 1 0
github.com/ob-algdatii-ss19/leistungsnachweis-ateam/backend/adjGraph/adjMat.go:34.14,35.13 1 0
github.com/ob-algdatii-ss19/leistungsnachweis-ateam/backend/adjGraph/adjMat.go:37.12,39.5 1 0
github.com/ob-algdatii-ss19/leistungsnachweis-ateam/backend/adjGraph/adjMat.go:47.36,50.28 2 0
github.com/ob-algdatii-ss19/leistungsnachweis-ateam/backend/adjGraph/adjMat.go:56.2,56.17 1 0
github.com/ob-algdatii-ss19/leistungsnachweis-ateam/backend/adjGraph/adjMat.go:50.28,51.11 1 0
github.com/ob-algdatii-ss19/leistungsnachweis-ateam/backend/adjGraph/adjMat.go:51.11,53.4 1 0
github.com/ob-algdatii-ss19/leistungsnachweis-ateam/backend/adjGraph/conflictgraph.go:17.79,20.26 3 0
github.com/ob-algdatii-ss19/leistungsnachweis-ateam/backend/adjGraph/conflictgraph.go:86.2,87.12 2 0
github.com/ob-algdatii-ss19/leistungsnachweis-ateam/backend/adjGraph/conflictgraph.go:20.26,21.31 1 0
github.com/ob-algdatii-ss19/leistungsnachweis-ateam/backend/adjGraph/conflictgraph.go:21.31,22.46 1 0
github.com/ob-algdatii-ss19/leistungsnachweis-ateam/backend/adjGraph/conflictgraph.go:22.46,23.17 1 0
github.com/ob-algdatii-ss19/leistungsnachweis-ateam/backend/adjGraph/conflictgraph.go:23.17,24.30 1 0
github.com/ob-algdatii-ss19/leistungsnachweis-ateam/backend/adjGraph/conflictgraph.go:24.30,25.30 1 0
github.com/ob-algdatii-ss19/leistungsnachweis-ateam/backend/adjGraph/conflictgraph.go:25.30,26.46 1 0
github.com/ob-algdatii-ss19/leistungsnachweis-ateam/backend/adjGraph/conflictgraph.go:26.46,28.9 1 0
github.com/ob-algdatii-ss19/leistungsnachweis-ateam/backend/adjGraph/conflictgraph.go:29.13,30.44 1 0
github.com/ob-algdatii-ss19/leistungsnachweis-ateam/backend/adjGraph/conflictgraph.go:33.8,33.46 1 0
github.com/ob-algdatii-ss19/leistungsnachweis-ateam/backend/adjGraph/conflictgraph.go:30.44,32.9 1 0
github.com/ob-algdatii-ss19/leistungsnachweis-ateam/backend/adjGraph/conflictgraph.go:33.46,35.9 1 0
github.com/ob-algdatii-ss19/leistungsnachweis-ateam/backend/adjGraph/conflictgraph.go:38.11,38.24 1 0
github.com/ob-algdatii-ss19/leistungsnachweis-ateam/backend/adjGraph/conflictgraph.go:38.24,39.30 1 0
github.com/ob-algdatii-ss19/leistungsnachweis-ateam/backend/adjGraph/conflictgraph.go:39.30,40.30 1 0
github.com/ob-algdatii-ss19/leistungsnachweis-ateam/backend/adjGraph/conflictgraph.go:40.30,41.46 1 0
github.com/ob-algdatii-ss19/leistungsnachweis-ateam/backend/adjGraph/conflictgraph.go:41.46,43.9 1 0
github.com/ob-algdatii-ss19/leistungsnachweis-ateam/backend/adjGraph/conflictgraph.go:44.13,45.44 1 0
github.com/ob-algdatii-ss19/leistungsnachweis-ateam/backend/adjGraph/conflictgraph.go:48.8,48.46 1 0
github.com/ob-algdatii-ss19/leistungsnachweis-ateam/backend/adjGraph/conflictgraph.go:45.44,47.9 1 0
github.com/ob-algdatii-ss19/leistungsnachweis-ateam/backend/adjGraph/conflictgraph.go:48.46,50.9 1 0
github.com/ob-algdatii-ss19/leistungsnachweis-ateam/backend/adjGraph/conflictgraph.go:54.11,54.24 1 0
github.com/ob-algdatii-ss19/leistungsnachweis-ateam/backend/adjGraph/conflictgraph.go:54.24,55.30 1 0
github.com/ob-algdatii-ss19/leistungsnachweis-ateam/backend/adjGraph/conflictgraph.go:55.30,56.28 1 0
github.com/ob-algdatii-ss19/leistungsnachweis-ateam/backend/adjGraph/conflictgraph.go:56.28,57.44 1 0
github.com/ob-algdatii-ss19/leistungsnachweis-ateam/backend/adjGraph/conflictgraph.go:57.44,59.9 1 0
github.com/ob-algdatii-ss19/leistungsnachweis-ateam/backend/adjGraph/conflictgraph.go:62.11,62.24 1 0
github.com/ob-algdatii-ss19/leistungsnachweis-ateam/backend/adjGraph/conflictgraph.go:62.24,63.30 1 0
github.com/ob-algdatii-ss19/leistungsnachweis-ateam/backend/adjGraph/conflictgraph.go:63.30,64.28 1 0
github.com/ob-algdatii-ss19/leistungsnachweis-ateam/backend/adjGraph/conflictgraph.go:64.28,65.44 1 0
github.com/ob-algdatii-ss19/leistungsnachweis-ateam/backend/adjGraph/conflictgraph.go:65.44,67.9 1 0
github.com/ob-algdatii-ss19/leistungsnachweis-ateam/backend/adjGraph/conflictgraph.go:70.11,71.90 1 0
github.com/ob-algdatii-ss19/leistungsnachweis-ateam/backend/adjGraph/conflictgraph.go:71.90,73.56 1 0
github.com/ob-algdatii-ss19/leistungsnachweis-ateam/backend/adjGraph/conflictgraph.go:73.56,74.46 1 0
github.com/ob-algdatii-ss19/leistungsnachweis-ateam/backend/adjGraph/conflictgraph.go:74.46,75.43 1 0
github.com/ob-algdatii-ss19/leistungsnachweis-ateam/backend/adjGraph/conflictgraph.go:75.43,78.10 1 0
github.com/ob-algdatii-ss19/leistungsnachweis-ateam/backend/adjGraph/conflictgraph.go:90.80,93.26 3 0
github.com/ob-algdatii-ss19/leistungsnachweis-ateam/backend/adjGraph/conflictgraph.go:158.2,159.12 2 0
github.com/ob-algdatii-ss19/leistungsnachweis-ateam/backend/adjGraph/conflictgraph.go:93.26,94.31 1 0
github.com/ob-algdatii-ss19/leistungsnachweis-ateam/backend/adjGraph/conflictgraph.go:94.31,95.46 1 0
github.com/ob-algdatii-ss19/leistungsnachweis-ateam/backend/adjGraph/conflictgraph.go:95.46,96.17 1 0
github.com/ob-algdatii-ss19/leistungsnachweis-ateam/backend/adjGraph/conflictgraph.go:96.17,97.30 1 0
github.com/ob-algdatii-ss19/leistungsnachweis-ateam/backend/adjGraph/conflictgraph.go:97.30,98.30 1 0
github.com/ob-algdatii-ss19/leistungsnachweis-ateam/backend/adjGraph/conflictgraph.go:98.30,99.46 1 0
github.com/ob-algdatii-ss19/leistungsnachweis-ateam/backend/adjGraph/conflictgraph.go:99.46,101.9 1 0
github.com/ob-algdatii-ss19/leistungsnachweis-ateam/backend/adjGraph/conflictgraph.go:102.13,103.44 1 0
github.com/ob-algdatii-ss19/leistungsnachweis-ateam/backend/adjGraph/conflictgraph.go:106.8,106.46 1 0
github.com/ob-algdatii-ss19/leistungsnachweis-ateam/backend/adjGraph/conflictgraph.go:103.44,105.9 1 0
github.com/ob-algdatii-ss19/leistungsnachweis-ateam/backend/adjGraph/conflictgraph.go:106.46,108.9 1 0
github.com/ob-algdatii-ss19/leistungsnachweis-ateam/backend/adjGraph/conflictgraph.go:111.11,111.24 1 0
github.com/ob-algdatii-ss19/leistungsnachweis-ateam/backend/adjGraph/conflictgraph.go:111.24,112.30 1 0
github.com/ob-algdatii-ss19/leistungsnachweis-ateam/backend/adjGraph/conflictgraph.go:112.30,113.30 1 0
github.com/ob-algdatii-ss19/leistungsnachweis-ateam/backend/adjGraph/conflictgraph.go:113.30,114.46 1 0
github.com/ob-algdatii-ss19/leistungsnachweis-ateam/backend/adjGraph/conflictgraph.go:114.46,116.9 1 0
github.com/ob-algdatii-ss19/leistungsnachweis-ateam/backend/adjGraph/conflictgraph.go:117.13,118.44 1 0
github.com/ob-algdatii-ss19/leistungsnachweis-ateam/backend/adjGraph/conflictgraph.go:121.8,121.46 1 0
github.com/ob-algdatii-ss19/leistungsnachweis-ateam/backend/adjGraph/conflictgraph.go:118.44,120.9 1 0
github.com/ob-algdatii-ss19/leistungsnachweis-ateam/backend/adjGraph/conflictgraph.go:121.46,123.9 1 0
github.com/ob-algdatii-ss19/leistungsnachweis-ateam/backend/adjGraph/conflictgraph.go:127.11,127.24 1 0
github.com/ob-algdatii-ss19/leistungsnachweis-ateam/backend/adjGraph/conflictgraph.go:127.24,128.30 1 0
github.com/ob-algdatii-ss19/leistungsnachweis-ateam/backend/adjGraph/conflictgraph.go:128.30,129.28 1 0
github.com/ob-algdatii-ss19/leistungsnachweis-ateam/backend/adjGraph/conflictgraph.go:129.28,130.44 1 0
github.com/ob-algdatii-ss19/leistungsnachweis-ateam/backend/adjGraph/conflictgraph.go:130.44,132.9 1 0
github.com/ob-algdatii-ss19/leistungsnachweis-ateam/backend/adjGraph/conflictgraph.go:135.11,135.24 1 0
github.com/ob-algdatii-ss19/leistungsnachweis-ateam/backend/adjGraph/conflictgraph.go:135.24,136.30 1 0
github.com/ob-algdatii-ss19/leistungsnachweis-ateam/backend/adjGraph/conflictgraph.go:136.30,137.28 1 0
github.com/ob-algdatii-ss19/leistungsnachweis-ateam/backend/adjGraph/conflictgraph.go:137.28,138.44 1 0
github.com/ob-algdatii-ss19/leistungsnachweis-ateam/backend/adjGraph/conflictgraph.go:138.44,140.9 1 0
github.com/ob-algdatii-ss19/leistungsnachweis-ateam/backend/adjGraph/conflictgraph.go:143.11,145.97 1 0
github.com/ob-algdatii-ss19/leistungsnachweis-ateam/backend/adjGraph/conflictgraph.go:145.97,146.56 1 0
github.com/ob-algdatii-ss19/leistungsnachweis-ateam/backend/adjGraph/conflictgraph.go:146.56,147.46 1 0
github.com/ob-algdatii-ss19/leistungsnachweis-ateam/backend/adjGraph/conflictgraph.go:147.46,148.88 1 0
github.com/ob-algdatii-ss19/leistungsnachweis-ateam/backend/adjGraph/conflictgraph.go:148.88,150.10 1 0
github.com/ob-algdatii-ss19/leistungsnachweis-ateam/backend/adjGraph/conflictgraph.go:162.45,168.41 4 0
github.com/ob-algdatii-ss19/leistungsnachweis-ateam/backend/adjGraph/conflictgraph.go:180.2,180.16 1 0
github.com/ob-algdatii-ss19/leistungsnachweis-ateam/backend/adjGraph/conflictgraph.go:168.41,169.40 1 0
github.com/ob-algdatii-ss19/leistungsnachweis-ateam/backend/adjGraph/conflictgraph.go:169.40,170.14 1 0
github.com/ob-algdatii-ss19/leistungsnachweis-ateam/backend/adjGraph/conflictgraph.go:170.14,177.5 3 0
github.com/ob-algdatii-ss19/leistungsnachweis-ateam/backend/algorithmnHandler.go:12.69,17.53 3 0
github.com/ob-algdatii-ss19/leistungsnachweis-ateam/backend/algorithmnHandler.go:17.53,22.3 3 0
github.com/ob-algdatii-ss19/leistungsnachweis-ateam/backend/algorithmnHandler.go:22.8,24.3 1 0
github.com/ob-algdatii-ss19/leistungsnachweis-ateam/backend/algorithmnHandler.go:30.68,50.38 9 0
github.com/ob-algdatii-ss19/leistungsnachweis-ateam/backend/algorithmnHandler.go:53.2,53.41 1 0
github.com/ob-algdatii-ss19/leistungsnachweis-ateam/backend/algorithmnHandler.go:56.2,56.37 1 0
github.com/ob-algdatii-ss19/leistungsnachweis-ateam/backend/algorithmnHandler.go:59.2,59.49 1 0
github.com/ob-algdatii-ss19/leistungsnachweis-ateam/backend/algorithmnHandler.go:62.2,62.54 1 0
github.com/ob-algdatii-ss19/leistungsnachweis-ateam/backend/algorithmnHandler.go:68.2,68.40 1 0
github.com/ob-algdatii-ss19/leistungsnachweis-ateam/backend/algorithmnHandler.go:71.2,71.43 1 0
github.com/ob-algdatii-ss19/leistungsnachweis-ateam/backend/algorithmnHandler.go:74.2,74.39 1 0
github.com/ob-algdatii-ss19/leistungsnachweis-ateam/backend/algorithmnHandler.go:77.2,77.51 1 0
github.com/ob-algdatii-ss19/leistungsnachweis-ateam/backend/algorithmnHandler.go:80.2,80.56 1 0
github.com/ob-algdatii-ss19/leistungsnachweis-ateam/backend/algorithmnHandler.go:86.2,86.38 1 0
github.com/ob-algdatii-ss19/leistungsnachweis-ateam/backend/algorithmnHandler.go:89.2,89.42 1 0
github.com/ob-algdatii-ss19/leistungsnachweis-ateam/backend/algorithmnHandler.go:92.2,92.38 1 0
github.com/ob-algdatii-ss19/leistungsnachweis-ateam/backend/algorithmnHandler.go:95.2,95.50 1 0
github.com/ob-algdatii-ss19/leistungsnachweis-ateam/backend/algorithmnHandler.go:98.2,98.55 1 0
github.com/ob-algdatii-ss19/leistungsnachweis-ateam/backend/algorithmnHandler.go:104.2,104.37 1 0
github.com/ob-algdatii-ss19/leistungsnachweis-ateam/backend/algorithmnHandler.go:107.2,107.40 1 0
github.com/ob-algdatii-ss19/leistungsnachweis-ateam/backend/algorithmnHandler.go:110.2,110.36 1 0
github.com/ob-algdatii-ss19/leistungsnachweis-ateam/backend/algorithmnHandler.go:113.2,113.48 1 0
github.com/ob-algdatii-ss19/leistungsnachweis-ateam/backend/algorithmnHandler.go:116.2,116.53 1 0
github.com/ob-algdatii-ss19/leistungsnachweis-ateam/backend/algorithmnHandler.go:122.2,122.14 1 0
github.com/ob-algdatii-ss19/leistungsnachweis-ateam/backend/algorithmnHandler.go:50.38,52.3 1 0
github.com/ob-algdatii-ss19/leistungsnachweis-ateam/backend/algorithmnHandler.go:53.41,55.3 1 0
github.com/ob-algdatii-ss19/leistungsnachweis-ateam/backend/algorithmnHandler.go:56.37,58.3 1 0
github.com/ob-algdatii-ss19/leistungsnachweis-ateam/backend/algorithmnHandler.go:59.49,61.3 1 0
github.com/ob-algdatii-ss19/leistungsnachweis-ateam/backend/algorithmnHandler.go:62.54,65.3 2 0
github.com/ob-algdatii-ss19/leistungsnachweis-ateam/backend/algorithmnHandler.go:68.40,70.3 1 0
github.com/ob-algdatii-ss19/leistungsnachweis-ateam/backend/algorithmnHandler.go:71.43,73.3 1 0
github.com/ob-algdatii-ss19/leistungsnachweis-ateam/backend/algorithmnHandler.go:74.39,76.3 1 0
github.com/ob-algdatii-ss19/leistungsnachweis-ateam/backend/algorithmnHandler.go:77.51,79.3 1 0
github.com/ob-algdatii-ss19/leistungsnachweis-ateam/backend/algorithmnHandler.go:80.56,83.3 2 0
github.com/ob-algdatii-ss19/leistungsnachweis-ateam/backend/algorithmnHandler.go:86.38,88.3 1 0
github.com/ob-algdatii-ss19/leistungsnachweis-ateam/backend/algorithmnHandler.go:89.42,91.3 1 0
github.com/ob-algdatii-ss19/leistungsnachweis-ateam/backend/algorithmnHandler.go:92.38,94.3 1 0
github.com/ob-algdatii-ss19/leistungsnachweis-ateam/backend/algorithmnHandler.go:95.50,97.3 1 0
github.com/ob-algdatii-ss19/leistungsnachweis-ateam/backend/algorithmnHandler.go:98.55,101.3 2 0
github.com/ob-algdatii-ss19/leistungsnachweis-ateam/backend/algorithmnHandler.go:104.37,106.3 1 0
github.com/ob-algdatii-ss19/leistungsnachweis-ateam/backend/algorithmnHandler.go:107.40,109.3 1 0
github.com/ob-algdatii-ss19/leistungsnachweis-ateam/backend/algorithmnHandler.go:110.36,112.3 1 0
github.com/ob-algdatii-ss19/leistungsnachweis-ateam/backend/algorithmnHandler.go:113.48,115.3 1 0
github.com/ob-algdatii-ss19/leistungsnachweis-ateam/backend/algorithmnHandler.go:116.53,119.3 2 0
github.com/ob-algdatii-ss19/leistungsnachweis-ateam/main.go:51.69,57.16 4 0
github.com/ob-algdatii-ss19/leistungsnachweis-ateam/main.go:61.2,70.16 5 0
github.com/ob-algdatii-ss19/leistungsnachweis-ateam/main.go:73.2,73.66 1 0
github.com/ob-algdatii-ss19/leistungsnachweis-ateam/main.go:57.16,58.13 1 0
github.com/ob-algdatii-ss19/leistungsnachweis-ateam/main.go:70.16,71.13 1 0
github.com/ob-algdatii-ss19/leistungsnachweis-ateam/main.go:80.58,85.23 2 0
github.com/ob-algdatii-ss19/leistungsnachweis-ateam/main.go:91.2,96.16 3 0
github.com/ob-algdatii-ss19/leistungsnachweis-ateam/main.go:102.2,104.16 3 0
github.com/ob-algdatii-ss19/leistungsnachweis-ateam/main.go:108.2,116.23 6 0
github.com/ob-algdatii-ss19/leistungsnachweis-ateam/main.go:120.2,120.44 1 0
github.com/ob-algdatii-ss19/leistungsnachweis-ateam/main.go:85.23,87.3 1 0
github.com/ob-algdatii-ss19/leistungsnachweis-ateam/main.go:87.8,89.3 1 0
github.com/ob-algdatii-ss19/leistungsnachweis-ateam/main.go:96.16,101.3 4 0
github.com/ob-algdatii-ss19/leistungsnachweis-ateam/main.go:104.16,106.3 1 0
github.com/ob-algdatii-ss19/leistungsnachweis-ateam/main.go:116.23,118.3 1 0
github.com/ob-algdatii-ss19/leistungsnachweis-ateam/main.go:123.13,130.16 4 0
github.com/ob-algdatii-ss19/leistungsnachweis-ateam/main.go:135.2,136.47 2 0
github.com/ob-algdatii-ss19/leistungsnachweis-ateam/main.go:130.16,132.3 1 0
github.com/ob-algdatii-ss19/leistungsnachweis-ateam/backend/adjGraph/adjMat.go:5.39,7.19 2 1
github.com/ob-algdatii-ss19/leistungsnachweis-ateam/backend/adjGraph/adjMat.go:12.2,12.10 1 1
github.com/ob-algdatii-ss19/leistungsnachweis-ateam/backend/adjGraph/adjMat.go:7.19,8.13 1 1
github.com/ob-algdatii-ss19/leistungsnachweis-ateam/backend/adjGraph/adjMat.go:8.13,10.4 1 1
github.com/ob-algdatii-ss19/leistungsnachweis-ateam/backend/adjGraph/adjMat.go:15.45,17.2 1 1
github.com/ob-algdatii-ss19/leistungsnachweis-ateam/backend/adjGraph/adjMat.go:19.48,21.2 1 0
github.com/ob-algdatii-ss19/leistungsnachweis-ateam/backend/adjGraph/adjMat.go:23.37,25.2 1 1
github.com/ob-algdatii-ss19/leistungsnachweis-ateam/backend/adjGraph/adjMat.go:27.32,29.24 2 1
github.com/ob-algdatii-ss19/leistungsnachweis-ateam/backend/adjGraph/adjMat.go:42.2,42.11 1 1
github.com/ob-algdatii-ss19/leistungsnachweis-ateam/backend/adjGraph/adjMat.go:29.24,30.13 1 1
github.com/ob-algdatii-ss19/leistungsnachweis-ateam/backend/adjGraph/adjMat.go:33.3,33.28 1 1
github.com/ob-algdatii-ss19/leistungsnachweis-ateam/backend/adjGraph/adjMat.go:30.13,31.12 1 1
github.com/ob-algdatii-ss19/leistungsnachweis-ateam/backend/adjGraph/adjMat.go:33.28,34.14 1 1
github.com/ob-algdatii-ss19/leistungsnachweis-ateam/backend/adjGraph/adjMat.go:37.4,37.12 1 1
github.com/ob-algdatii-ss19/leistungsnachweis-ateam/backend/adjGraph/adjMat.go:34.14,35.13 1 1
github.com/ob-algdatii-ss19/leistungsnachweis-ateam/backend/adjGraph/adjMat.go:37.12,39.5 1 1
github.com/ob-algdatii-ss19/leistungsnachweis-ateam/backend/adjGraph/adjMat.go:47.36,50.28 2 1
github.com/ob-algdatii-ss19/leistungsnachweis-ateam/backend/adjGraph/adjMat.go:56.2,56.17 1 1
github.com/ob-algdatii-ss19/leistungsnachweis-ateam/backend/adjGraph/adjMat.go:50.28,51.11 1 1
github.com/ob-algdatii-ss19/leistungsnachweis-ateam/backend/adjGraph/adjMat.go:51.11,53.4 1 1
github.com/ob-algdatii-ss19/leistungsnachweis-ateam/backend/adjGraph/conflictgraph.go:17.79,20.26 3 1
github.com/ob-algdatii-ss19/leistungsnachweis-ateam/backend/adjGraph/conflictgraph.go:86.2,87.12 2 1
github.com/ob-algdatii-ss19/leistungsnachweis-ateam/backend/adjGraph/conflictgraph.go:20.26,21.31 1 1
github.com/ob-algdatii-ss19/leistungsnachweis-ateam/backend/adjGraph/conflictgraph.go:21.31,22.46 1 1
github.com/ob-algdatii-ss19/leistungsnachweis-ateam/backend/adjGraph/conflictgraph.go:22.46,23.17 1 1
github.com/ob-algdatii-ss19/leistungsnachweis-ateam/backend/adjGraph/conflictgraph.go:23.17,24.30 1 1
github.com/ob-algdatii-ss19/leistungsnachweis-ateam/backend/adjGraph/conflictgraph.go:24.30,25.30 1 1
github.com/ob-algdatii-ss19/leistungsnachweis-ateam/backend/adjGraph/conflictgraph.go:25.30,26.46 1 1
github.com/ob-algdatii-ss19/leistungsnachweis-ateam/backend/adjGraph/conflictgraph.go:26.46,28.9 1 0
github.com/ob-algdatii-ss19/leistungsnachweis-ateam/backend/adjGraph/conflictgraph.go:29.13,30.44 1 1
github.com/ob-algdatii-ss19/leistungsnachweis-ateam/backend/adjGraph/conflictgraph.go:33.8,33.46 1 1
github.com/ob-algdatii-ss19/leistungsnachweis-ateam/backend/adjGraph/conflictgraph.go:30.44,32.9 1 1
github.com/ob-algdatii-ss19/leistungsnachweis-ateam/backend/adjGraph/conflictgraph.go:33.46,35.9 1 0
github.com/ob-algdatii-ss19/leistungsnachweis-ateam/backend/adjGraph/conflictgraph.go:38.11,38.24 1 1
github.com/ob-algdatii-ss19/leistungsnachweis-ateam/backend/adjGraph/conflictgraph.go:38.24,39.30 1 1
github.com/ob-algdatii-ss19/leistungsnachweis-ateam/backend/adjGraph/conflictgraph.go:39.30,40.30 1 1
github.com/ob-algdatii-ss19/leistungsnachweis-ateam/backend/adjGraph/conflictgraph.go:40.30,41.46 1 1
github.com/ob-algdatii-ss19/leistungsnachweis-ateam/backend/adjGraph/conflictgraph.go:41.46,43.9 1 1
github.com/ob-algdatii-ss19/leistungsnachweis-ateam/backend/adjGraph/conflictgraph.go:44.13,45.44 1 1
github.com/ob-algdatii-ss19/leistungsnachweis-ateam/backend/adjGraph/conflictgraph.go:48.8,48.46 1 1
github.com/ob-algdatii-ss19/leistungsnachweis-ateam/backend/adjGraph/conflictgraph.go:45.44,47.9 1 1
github.com/ob-algdatii-ss19/leistungsnachweis-ateam/backend/adjGraph/conflictgraph.go:48.46,50.9 1 1
github.com/ob-algdatii-ss19/leistungsnachweis-ateam/backend/adjGraph/conflictgraph.go:54.11,54.24 1 1
github.com/ob-algdatii-ss19/leistungsnachweis-ateam/backend/adjGraph/conflictgraph.go:54.24,55.30 1 1
github.com/ob-algdatii-ss19/leistungsnachweis-ateam/backend/adjGraph/conflictgraph.go:55.30,56.28 1 1
github.com/ob-algdatii-ss19/leistungsnachweis-ateam/backend/adjGraph/conflictgraph.go:56.28,57.44 1 1
github.com/ob-algdatii-ss19/leistungsnachweis-ateam/backend/adjGraph/conflictgraph.go:57.44,59.9 1 1
github.com/ob-algdatii-ss19/leistungsnachweis-ateam/backend/adjGraph/conflictgraph.go:62.11,62.24 1 1
github.com/ob-algdatii-ss19/leistungsnachweis-ateam/backend/adjGraph/conflictgraph.go:62.24,63.30 1 1
github.com/ob-algdatii-ss19/leistungsnachweis-ateam/backend/adjGraph/conflictgraph.go:63.30,64.28 1 1
github.com/ob-algdatii-ss19/leistungsnachweis-ateam/backend/adjGraph/conflictgraph.go:64.28,65.44 1 1
github.com/ob-algdatii-ss19/leistungsnachweis-ateam/backend/adjGraph/conflictgraph.go:65.44,67.9 1 1
github.com/ob-algdatii-ss19/leistungsnachweis-ateam/backend/adjGraph/conflictgraph.go:70.11,71.90 1 1
github.com/ob-algdatii-ss19/leistungsnachweis-ateam/backend/adjGraph/conflictgraph.go:71.90,73.56 1 1
github.com/ob-algdatii-ss19/leistungsnachweis-ateam/backend/adjGraph/conflictgraph.go:73.56,74.46 1 1
github.com/ob-algdatii-ss19/leistungsnachweis-ateam/backend/adjGraph/conflictgraph.go:74.46,75.43 1 1
github.com/ob-algdatii-ss19/leistungsnachweis-ateam/backend/adjGraph/conflictgraph.go:75.43,78.10 1 1
github.com/ob-algdatii-ss19/leistungsnachweis-ateam/backend/adjGraph/conflictgraph.go:90.80,93.26 3 1
github.com/ob-algdatii-ss19/leistungsnachweis-ateam/backend/adjGraph/conflictgraph.go:158.2,159.12 2 1
github.com/ob-algdatii-ss19/leistungsnachweis-ateam/backend/adjGraph/conflictgraph.go:93.26,94.31 1 1
github.com/ob-algdatii-ss19/leistungsnachweis-ateam/backend/adjGraph/conflictgraph.go:94.31,95.46 1 1
github.com/ob-algdatii-ss19/leistungsnachweis-ateam/backend/adjGraph/conflictgraph.go:95.46,96.17 1 1
github.com/ob-algdatii-ss19/leistungsnachweis-ateam/backend/adjGraph/conflictgraph.go:96.17,97.30 1 1
github.com/ob-algdatii-ss19/leistungsnachweis-ateam/backend/adjGraph/conflictgraph.go:97.30,98.30 1 1
github.com/ob-algdatii-ss19/leistungsnachweis-ateam/backend/adjGraph/conflictgraph.go:98.30,99.46 1 1
github.com/ob-algdatii-ss19/leistungsnachweis-ateam/backend/adjGraph/conflictgraph.go:99.46,101.9 1 0
github.com/ob-algdatii-ss19/leistungsnachweis-ateam/backend/adjGraph/conflictgraph.go:102.13,103.44 1 1
github.com/ob-algdatii-ss19/leistungsnachweis-ateam/backend/adjGraph/conflictgraph.go:106.8,106.46 1 1
github.com/ob-algdatii-ss19/leistungsnachweis-ateam/backend/adjGraph/conflictgraph.go:103.44,105.9 1 1
github.com/ob-algdatii-ss19/leistungsnachweis-ateam/backend/adjGraph/conflictgraph.go:106.46,108.9 1 0
github.com/ob-algdatii-ss19/leistungsnachweis-ateam/backend/adjGraph/conflictgraph.go:111.11,111.24 1 1
github.com/ob-algdatii-ss19/leistungsnachweis-ateam/backend/adjGraph/conflictgraph.go:111.24,112.30 1 1
github.com/ob-algdatii-ss19/leistungsnachweis-ateam/backend/adjGraph/conflictgraph.go:112.30,113.30 1 1
github.com/ob-algdatii-ss19/leistungsnachweis-ateam/backend/adjGraph/conflictgraph.go:113.30,114.46 1 1
github.com/ob-algdatii-ss19/leistungsnachweis-ateam/backend/adjGraph/conflictgraph.go:114.46,116.9 1 1
github.com/ob-algdatii-ss19/leistungsnachweis-ateam/backend/adjGraph/conflictgraph.go:117.13,118.44 1 1
github.com/ob-algdatii-ss19/leistungsnachweis-ateam/backend/adjGraph/conflictgraph.go:121.8,121.46 1 1
github.com/ob-algdatii-ss19/leistungsnachweis-ateam/backend/adjGraph/conflictgraph.go:118.44,120.9 1 1
github.com/ob-algdatii-ss19/leistungsnachweis-ateam/backend/adjGraph/conflictgraph.go:121.46,123.9 1 1
github.com/ob-algdatii-ss19/leistungsnachweis-ateam/backend/adjGraph/conflictgraph.go:127.11,127.24 1 1
github.com/ob-algdatii-ss19/leistungsnachweis-ateam/backend/adjGraph/conflictgraph.go:127.24,128.30 1 1
github.com/ob-algdatii-ss19/leistungsnachweis-ateam/backend/adjGraph/conflictgraph.go:128.30,129.28 1 1
github.com/ob-algdatii-ss19/leistungsnachweis-ateam/backend/adjGraph/conflictgraph.go:129.28,130.44 1 1
github.com/ob-algdatii-ss19/leistungsnachweis-ateam/backend/adjGraph/conflictgraph.go:130.44,132.9 1 1
github.com/ob-algdatii-ss19/leistungsnachweis-ateam/backend/adjGraph/conflictgraph.go:135.11,135.24 1 1
github.com/ob-algdatii-ss19/leistungsnachweis-ateam/backend/adjGraph/conflictgraph.go:135.24,136.30 1 1
github.com/ob-algdatii-ss19/leistungsnachweis-ateam/backend/adjGraph/conflictgraph.go:136.30,137.28 1 1
github.com/ob-algdatii-ss19/leistungsnachweis-ateam/backend/adjGraph/conflictgraph.go:137.28,138.44 1 1
github.com/ob-algdatii-ss19/leistungsnachweis-ateam/backend/adjGraph/conflictgraph.go:138.44,140.9 1 1
github.com/ob-algdatii-ss19/leistungsnachweis-ateam/backend/adjGraph/conflictgraph.go:143.11,145.97 1 1
github.com/ob-algdatii-ss19/leistungsnachweis-ateam/backend/adjGraph/conflictgraph.go:145.97,146.56 1 1
github.com/ob-algdatii-ss19/leistungsnachweis-ateam/backend/adjGraph/conflictgraph.go:146.56,147.46 1 1
github.com/ob-algdatii-ss19/leistungsnachweis-ateam/backend/adjGraph/conflictgraph.go:147.46,148.88 1 1
github.com/ob-algdatii-ss19/leistungsnachweis-ateam/backend/adjGraph/conflictgraph.go:148.88,150.10 1 1
github.com/ob-algdatii-ss19/leistungsnachweis-ateam/backend/adjGraph/conflictgraph.go:162.45,168.41 4 1
github.com/ob-algdatii-ss19/leistungsnachweis-ateam/backend/adjGraph/conflictgraph.go:180.2,180.16 1 1
github.com/ob-algdatii-ss19/leistungsnachweis-ateam/backend/adjGraph/conflictgraph.go:168.41,169.40 1 1
github.com/ob-algdatii-ss19/leistungsnachweis-ateam/backend/adjGraph/conflictgraph.go:169.40,170.14 1 1
github.com/ob-algdatii-ss19/leistungsnachweis-ateam/backend/adjGraph/conflictgraph.go:170.14,177.5 3 1
github.com/ob-algdatii-ss19/leistungsnachweis-ateam/backend/adjGraph/uGraph.go:15.37,17.2 1 1
github.com/ob-algdatii-ss19/leistungsnachweis-ateam/backend/adjGraph/uGraph.go:19.49,22.2 2 1
github.com/ob-algdatii-ss19/leistungsnachweis-ateam/backend/adjGraph/uGraph.go:25.36,27.2 1 1
github.com/ob-algdatii-ss19/leistungsnachweis-ateam/backend/adjGraph/uGraph.go:30.40,32.2 1 1
github.com/ob-algdatii-ss19/leistungsnachweis-ateam/backend/adjGraph/uGraph.go:34.41,36.2 1 1
github.com/ob-algdatii-ss19/leistungsnachweis-ateam/backend/algorithms/basicGreedy.go:38.68,42.22 3 0
github.com/ob-algdatii-ss19/leistungsnachweis-ateam/backend/algorithms/basicGreedy.go:46.2,51.38 4 0
github.com/ob-algdatii-ss19/leistungsnachweis-ateam/backend/algorithms/basicGreedy.go:62.2,62.61 1 0
github.com/ob-algdatii-ss19/leistungsnachweis-ateam/backend/algorithms/basicGreedy.go:42.22,44.3 1 0
github.com/ob-algdatii-ss19/leistungsnachweis-ateam/backend/algorithms/basicGreedy.go:51.38,60.3 4 0
github.com/ob-algdatii-ss19/leistungsnachweis-ateam/backend/algorithms/basicGreedy.go:65.108,70.42 3 0
github.com/ob-algdatii-ss19/leistungsnachweis-ateam/backend/algorithms/basicGreedy.go:79.2,81.26 2 0
github.com/ob-algdatii-ss19/leistungsnachweis-ateam/backend/algorithms/basicGreedy.go:70.42,74.36 2 0
github.com/ob-algdatii-ss19/leistungsnachweis-ateam/backend/algorithms/basicGreedy.go:74.36,76.4 1 0
github.com/ob-algdatii-ss19/leistungsnachweis-ateam/backend/algorithms/basicGreedy.go:84.71,88.42 3 0
github.com/ob-algdatii-ss19/leistungsnachweis-ateam/backend/algorithms/basicGreedy.go:96.2,96.27 1 0
github.com/ob-algdatii-ss19/leistungsnachweis-ateam/backend/algorithms/basicGreedy.go:104.2,104.24 1 0
github.com/ob-algdatii-ss19/leistungsnachweis-ateam/backend/algorithms/basicGreedy.go:88.42,89.31 1 0
github.com/ob-algdatii-ss19/leistungsnachweis-ateam/backend/algorithms/basicGreedy.go:93.3,93.24 1 0
github.com/ob-algdatii-ss19/leistungsnachweis-ateam/backend/algorithms/basicGreedy.go:89.31,91.9 2 0
github.com/ob-algdatii-ss19/leistungsnachweis-ateam/backend/algorithms/basicGreedy.go:96.27,97.34 1 0
github.com/ob-algdatii-ss19/leistungsnachweis-ateam/backend/algorithms/basicGreedy.go:97.34,99.4 1 0
github.com/ob-algdatii-ss19/leistungsnachweis-ateam/backend/algorithms/basicGreedy.go:99.9,101.4 1 0
github.com/ob-algdatii-ss19/leistungsnachweis-ateam/backend/algorithms/basicGreedy.go:107.95,111.44 2 0
github.com/ob-algdatii-ss19/leistungsnachweis-ateam/backend/algorithms/basicGreedy.go:117.2,117.15 1 0
github.com/ob-algdatii-ss19/leistungsnachweis-ateam/backend/algorithms/basicGreedy.go:111.44,112.18 1 0
github.com/ob-algdatii-ss19/leistungsnachweis-ateam/backend/algorithms/basicGreedy.go:112.18,114.4 1 0
